<?xml version="1.0" encoding="UTF-8"?>
<!-- Generated by org.testng.reporters.JUnitReportReporter -->
<testsuite skipped="0" hostname="LAPTOP-GNAN5FE0" name="page.ERP" tests="5" failures="0" timestamp="2020-08-08T18:24:39 IST" time="95.827" errors="0">
  <testcase name="LoginPage" time="26.566" classname="page.ERP"/>
  <system-out/>
  <testcase name="CompanyProfilePage" time="35.874" classname="page.ERP"/>
  <system-out/>
  <testcase name="Branches" time="11.939" classname="page.ERP"/>
  <system-out/>
  <testcase name="Clients" time="17.222" classname="page.ERP"/>
  <system-out/>
  <testcase name="LogoutPage" time="4.226" classname="page.ERP"/>
  <system-out/>
</testsuite> <!-- page.ERP -->
